# JRE version: OpenJDK Runtime Environment (17.0.6) (build 17.0.6+0-b2043.56-10027231)
# Java VM: OpenJDK 64-Bit Server VM (17.0.6+0-b2043.56-10027231, mixed mode, tiered, compressed oops, compressed class ptrs, g1 gc, windows-amd64)
GC Precious Log:
 CPUs: 8 total, 8 available
 Memory: 20325M
 Large Page Support: Disabled
 NUMA Support: Disabled
 Compressed Oops: Enabled (32-bit)
 Heap Region Size: 1M
 Heap Min Capacity: 8M
 Heap Initial Capacity: 318M
 Heap Max Capacity: 2G
 Pre-touch: Disabled
 Parallel Workers: 8
 Concurrent Workers: 2
 Concurrent Refinement Workers: 8
 Periodic GC: Disabled
Heap:
 garbage-first heap   total 484352K, used 258731K [0x0000000080000000, 0x0000000100000000)
  region size 1024K, 7 young (7168K), 7 survivors (7168K)
 Metaspace       used 147788K, committed 148864K, reserved 1179648K
  class space    used 19831K, committed 20352K, reserved 1048576K
GC Heap History (20 events):
Event: 28.291 GC heap after
{Heap after GC invocations=32 (full 0):
 garbage-first heap   total 423936K, used 128572K [0x0000000080000000, 0x0000000100000000)
  region size 1024K, 18 young (18432K), 18 survivors (18432K)
 Metaspace       used 115823K, committed 116672K, reserved 1155072K
  class space    used 16264K, committed 16704K, reserved 1048576K
}
Event: 28.319 GC heap before
{Heap before GC invocations=32 (full 0):
 garbage-first heap   total 423936K, used 130620K [0x0000000080000000, 0x0000000100000000)
  region size 1024K, 20 young (20480K), 18 survivors (18432K)
 Metaspace       used 115832K, committed 116736K, reserved 1155072K
  class space    used 16265K, committed 16704K, reserved 1048576K
}
Event: 28.336 GC heap after
{Heap after GC invocations=33 (full 0):
 garbage-first heap   total 423936K, used 127507K [0x0000000080000000, 0x0000000100000000)
  region size 1024K, 2 young (2048K), 2 survivors (2048K)
 Metaspace       used 115832K, committed 116736K, reserved 1155072K
  class space    used 16265K, committed 16704K, reserved 1048576K
}
Event: 1057.614 GC heap before
{Heap before GC invocations=33 (full 0):
 garbage-first heap   total 423936K, used 397843K [0x0000000080000000, 0x0000000100000000)
  region size 1024K, 193 young (197632K), 2 survivors (2048K)
 Metaspace       used 125433K, committed 126336K, reserved 1163264K
  class space    used 17384K, committed 17856K, reserved 1048576K
}
Event: 1057.625 GC heap after
{Heap after GC invocations=34 (full 0):
 garbage-first heap   total 423936K, used 136322K [0x0000000080000000, 0x0000000100000000)
  region size 1024K, 11 young (11264K), 11 survivors (11264K)
 Metaspace       used 125433K, committed 126336K, reserved 1163264K
  class space    used 17384K, committed 17856K, reserved 1048576K
}
Event: 1195.682 GC heap before
{Heap before GC invocations=34 (full 0):
 garbage-first heap   total 423936K, used 352386K [0x0000000080000000, 0x0000000100000000)
  region size 1024K, 208 young (212992K), 11 survivors (11264K)
 Metaspace       used 127855K, committed 128832K, reserved 1163264K
  class space    used 17566K, committed 18048K, reserved 1048576K
}
Event: 1195.693 GC heap after
{Heap after GC invocations=35 (full 0):
 garbage-first heap   total 423936K, used 135844K [0x0000000080000000, 0x0000000100000000)
  region size 1024K, 10 young (10240K), 10 survivors (10240K)
 Metaspace       used 127855K, committed 128832K, reserved 1163264K
  class space    used 17566K, committed 18048K, reserved 1048576K
}
Event: 1204.331 GC heap before
{Heap before GC invocations=35 (full 0):
 garbage-first heap   total 423936K, used 373412K [0x0000000080000000, 0x0000000100000000)
  region size 1024K, 215 young (220160K), 10 survivors (10240K)
 Metaspace       used 132325K, committed 133312K, reserved 1171456K
  class space    used 18133K, committed 18560K, reserved 1048576K
}
Event: 1204.347 GC heap after
{Heap after GC invocations=36 (full 0):
 garbage-first heap   total 423936K, used 144667K [0x0000000080000000, 0x0000000100000000)
  region size 1024K, 19 young (19456K), 19 survivors (19456K)
 Metaspace       used 132325K, committed 133312K, reserved 1171456K
  class space    used 18133K, committed 18560K, reserved 1048576K
}
Event: 1207.101 GC heap before
{Heap before GC invocations=36 (full 0):
 garbage-first heap   total 423936K, used 349467K [0x0000000080000000, 0x0000000100000000)
  region size 1024K, 217 young (222208K), 19 survivors (19456K)
 Metaspace       used 144052K, committed 145088K, reserved 1179648K
  class space    used 19438K, committed 19904K, reserved 1048576K
}
Event: 1207.196 GC heap after
{Heap after GC invocations=37 (full 0):
 garbage-first heap   total 484352K, used 260998K [0x0000000080000000, 0x0000000100000000)
  region size 1024K, 28 young (28672K), 28 survivors (28672K)
 Metaspace       used 144052K, committed 145088K, reserved 1179648K
  class space    used 19438K, committed 19904K, reserved 1048576K
}
Event: 1208.057 GC heap before
{Heap before GC invocations=37 (full 0):
 garbage-first heap   total 484352K, used 354182K [0x0000000080000000, 0x0000000100000000)
  region size 1024K, 119 young (121856K), 28 survivors (28672K)
 Metaspace       used 145433K, committed 146496K, reserved 1179648K
  class space    used 19615K, committed 20160K, reserved 1048576K
}
Event: 1208.076 GC heap after
{Heap after GC invocations=38 (full 0):
 garbage-first heap   total 484352K, used 263168K [0x0000000080000000, 0x0000000100000000)
  region size 1024K, 6 young (6144K), 6 survivors (6144K)
 Metaspace       used 145433K, committed 146496K, reserved 1179648K
  class space    used 19615K, committed 20160K, reserved 1048576K
}
Event: 1208.835 GC heap before
{Heap before GC invocations=39 (full 0):
 garbage-first heap   total 484352K, used 350208K [0x0000000080000000, 0x0000000100000000)
  region size 1024K, 101 young (103424K), 6 survivors (6144K)
 Metaspace       used 146069K, committed 147136K, reserved 1179648K
  class space    used 19700K, committed 20224K, reserved 1048576K
}
Event: 1208.856 GC heap after
{Heap after GC invocations=40 (full 0):
 garbage-first heap   total 484352K, used 265728K [0x0000000080000000, 0x0000000100000000)
  region size 1024K, 13 young (13312K), 13 survivors (13312K)
 Metaspace       used 146069K, committed 147136K, reserved 1179648K
  class space    used 19700K, committed 20224K, reserved 1048576K
}
Event: 1208.961 GC heap before
{Heap before GC invocations=40 (full 0):
 garbage-first heap   total 484352K, used 275968K [0x0000000080000000, 0x0000000100000000)
  region size 1024K, 23 young (23552K), 13 survivors (13312K)
 Metaspace       used 146165K, committed 147200K, reserved 1179648K
  class space    used 19700K, committed 20224K, reserved 1048576K
}
Event: 1208.979 GC heap after
{Heap after GC invocations=41 (full 0):
 garbage-first heap   total 484352K, used 232071K [0x0000000080000000, 0x0000000100000000)
  region size 1024K, 2 young (2048K), 2 survivors (2048K)
 Metaspace       used 146165K, committed 147200K, reserved 1179648K
  class space    used 19700K, committed 20224K, reserved 1048576K
}
Event: 1209.112 GC heap before
{Heap before GC invocations=41 (full 0):
 garbage-first heap   total 484352K, used 253575K [0x0000000080000000, 0x0000000100000000)
  region size 1024K, 23 young (23552K), 2 survivors (2048K)
 Metaspace       used 146369K, committed 147392K, reserved 1179648K
  class space    used 19700K, committed 20224K, reserved 1048576K
}
Event: 1209.121 GC heap after
{Heap after GC invocations=42 (full 0):
 garbage-first heap   total 484352K, used 230647K [0x0000000080000000, 0x0000000100000000)
  region size 1024K, 3 young (3072K), 3 survivors (3072K)
 Metaspace       used 146369K, committed 147392K, reserved 1179648K
  class space    used 19700K, committed 20224K, reserved 1048576K
}
Event: 2748.943 GC heap before
{Heap before GC invocations=42 (full 0):
 garbage-first heap   total 484352K, used 388343K [0x0000000080000000, 0x0000000100000000)
  region size 1024K, 115 young (117760K), 3 survivors (3072K)
 Metaspace       used 147788K, committed 148864K, reserved 1179648K
  class space    used 19831K, committed 20352K, reserved 1048576K
}

